app/build/intermediates/manifest_merge_blame_file/debug/manifest-merger-blame-debug-report.txt
1<?xml version="1.0" encoding="utf-8"?>
2<manifest xmlns:android="http://schemas.android.com/apk/res/android"
3    package="com.example.basic"
4    android:versionCode="1"
5    android:versionName="1.0" >
6
7    <uses-sdk
8        android:minSdkVersion="15"
8-->src\main\AndroidManifest.xml
9        android:targetSdkVersion="28" />
9-->src\main\AndroidManifest.xml
10
11    <uses-permission android:name="android.permission.INTERNET" />
11-->src\main\AndroidManifest.xml:4:5-66
11-->src\main\AndroidManifest.xml:4:22-64
12    <uses-permission android:name="android.permission.ACCESS_NETWORK_STATE" />
12-->src\main\AndroidManifest.xml:5:5-79
12-->src\main\AndroidManifest.xml:5:22-76
13
14    <application
14-->src\main\AndroidManifest.xml:6:5-30:19
15        android:allowBackup="true"
15-->src\main\AndroidManifest.xml:7:9-35
16        android:appComponentFactory="android.support.v4.app.CoreComponentFactory"
16-->[com.android.support:support-compat:28.0.0] AndroidManifest.xml:22:18-91
17        android:debuggable="true"
18        android:icon="@mipmap/ic_launcher"
18-->src\main\AndroidManifest.xml:8:9-43
19        android:label="@string/app_name"
19-->src\main\AndroidManifest.xml:9:9-41
20        android:roundIcon="@mipmap/ic_launcher_round"
20-->src\main\AndroidManifest.xml:10:9-54
21        android:supportsRtl="true"
21-->src\main\AndroidManifest.xml:11:9-35
22        android:testOnly="true"
23        android:theme="@style/AppTheme" >
23-->src\main\AndroidManifest.xml:12:9-40
24        <activity android:name="com.example.basic.ClassScreenActivity" />
24-->src\main\AndroidManifest.xml:13:9-66
24-->src\main\AndroidManifest.xml:13:19-54
25        <activity
25-->src\main\AndroidManifest.xml:14:9-21:20
26            android:name="com.example.basic.MainActivity"
26-->src\main\AndroidManifest.xml:14:19-47
27            android:windowSoftInputMode="stateAlwaysHidden" >
27-->src\main\AndroidManifest.xml:15:13-60
28            <intent-filter>
28-->src\main\AndroidManifest.xml:16:13-20:29
29                <action android:name="android.intent.action.MAIN" />
29-->src\main\AndroidManifest.xml:17:17-69
29-->src\main\AndroidManifest.xml:17:25-66
30
31                <category android:name="android.intent.category.LAUNCHER" />
31-->src\main\AndroidManifest.xml:19:17-77
31-->src\main\AndroidManifest.xml:19:27-74
32            </intent-filter>
33        </activity>
34
35        <receiver
35-->src\main\AndroidManifest.xml:23:9-29:20
36            android:name="com.example.basic.ConnectivityReceiver"
36-->src\main\AndroidManifest.xml:24:13-49
37            android:enabled="true" >
37-->src\main\AndroidManifest.xml:25:13-35
38            <intent-filter>
38-->src\main\AndroidManifest.xml:26:13-28:29
39                <action android:name="android.net.conn.CONNECTIVITY_CHANGE" />
39-->src\main\AndroidManifest.xml:27:17-79
39-->src\main\AndroidManifest.xml:27:25-76
40            </intent-filter>
41        </receiver>
42    </application>
43
44</manifest>